2015-09-30 11:10:35,700 - Log4JLogChute initialized using file 'velocity.log'
2015-09-30 11:10:35,701 - Initializing Velocity, Calling init()...
2015-09-30 11:10:35,701 - Starting Apache Velocity v1.7 (compiled: 2010-11-19 12:14:37)
2015-09-30 11:10:35,701 - Default Properties File: org\apache\velocity\runtime\defaults\velocity.properties
2015-09-30 11:10:35,701 - Trying to use logger class org.apache.velocity.runtime.log.AvalonLogChute
2015-09-30 11:10:35,701 - Target log system for org.apache.velocity.runtime.log.AvalonLogChute is not available (java.lang.NoClassDefFoundError: org/apache/log/format/Formatter).  Falling back to next log system...
2015-09-30 11:10:35,701 - Trying to use logger class org.apache.velocity.runtime.log.Log4JLogChute
2015-09-30 11:10:35,701 - Using logger class org.apache.velocity.runtime.log.Log4JLogChute
2015-09-30 11:10:35,706 - ResourceLoader instantiated: org.apache.velocity.runtime.resource.loader.ClasspathResourceLoader
2015-09-30 11:10:35,715 - ResourceCache: initialized (class org.apache.velocity.runtime.resource.ResourceCacheImpl) with class java.util.Collections$SynchronizedMap cache map.
2015-09-30 11:10:35,716 - Loaded System Directive: org.apache.velocity.runtime.directive.Stop
2015-09-30 11:10:35,717 - Loaded System Directive: org.apache.velocity.runtime.directive.Define
2015-09-30 11:10:35,718 - Loaded System Directive: org.apache.velocity.runtime.directive.Break
2015-09-30 11:10:35,718 - Loaded System Directive: org.apache.velocity.runtime.directive.Evaluate
2015-09-30 11:10:35,719 - Loaded System Directive: org.apache.velocity.runtime.directive.Literal
2015-09-30 11:10:35,720 - Loaded System Directive: org.apache.velocity.runtime.directive.Macro
2015-09-30 11:10:35,722 - Loaded System Directive: org.apache.velocity.runtime.directive.Parse
2015-09-30 11:10:35,723 - Loaded System Directive: org.apache.velocity.runtime.directive.Include
2015-09-30 11:10:35,723 - Loaded System Directive: org.apache.velocity.runtime.directive.Foreach
2015-09-30 11:10:35,772 - Created '20' parsers.
2015-09-30 11:10:35,780 - Velocimacro : "velocimacro.library" is not set.  Trying default library: VM_global_library.vm
2015-09-30 11:10:35,780 - Could not load resource 'VM_global_library.vm' from ResourceLoader org.apache.velocity.runtime.resource.loader.ClasspathResourceLoader: ClasspathResourceLoader Error: cannot find resource VM_global_library.vm
2015-09-30 11:10:35,780 - Velocimacro : Default library not found.
2015-09-30 11:10:35,780 - Velocimacro : allowInline = true : VMs can be defined inline in templates
2015-09-30 11:10:35,780 - Velocimacro : allowInlineToOverride = false : VMs defined inline may NOT replace previous VM definitions
2015-09-30 11:10:35,781 - Velocimacro : allowInlineLocal = false : VMs defined inline will be global in scope if allowed.
2015-09-30 11:10:35,781 - Velocimacro : autoload off : VM system will not automatically reload global library macros
2015-09-30 11:10:35,782 - ResourceManager : unable to find resource 'com/doadway/framework/email/mail.vm' in any resource loader.
2015-09-30 11:37:57,934 - Log4JLogChute initialized using file 'velocity.log'
2015-09-30 11:37:57,941 - Initializing Velocity, Calling init()...
2015-09-30 11:37:57,941 - Starting Apache Velocity v1.7 (compiled: 2010-11-19 12:14:37)
2015-09-30 11:37:57,941 - Default Properties File: org\apache\velocity\runtime\defaults\velocity.properties
2015-09-30 11:37:57,941 - Trying to use logger class org.apache.velocity.runtime.log.AvalonLogChute
2015-09-30 11:37:57,941 - Target log system for org.apache.velocity.runtime.log.AvalonLogChute is not available (java.lang.NoClassDefFoundError: org/apache/log/format/Formatter).  Falling back to next log system...
2015-09-30 11:37:57,941 - Trying to use logger class org.apache.velocity.runtime.log.Log4JLogChute
2015-09-30 11:37:57,941 - Using logger class org.apache.velocity.runtime.log.Log4JLogChute
2015-09-30 11:37:57,947 - ResourceLoader instantiated: org.apache.velocity.runtime.resource.loader.ClasspathResourceLoader
2015-09-30 11:37:57,956 - ResourceCache: initialized (class org.apache.velocity.runtime.resource.ResourceCacheImpl) with class java.util.Collections$SynchronizedMap cache map.
2015-09-30 11:37:57,957 - Loaded System Directive: org.apache.velocity.runtime.directive.Stop
2015-09-30 11:37:57,958 - Loaded System Directive: org.apache.velocity.runtime.directive.Define
2015-09-30 11:37:57,959 - Loaded System Directive: org.apache.velocity.runtime.directive.Break
2015-09-30 11:37:57,959 - Loaded System Directive: org.apache.velocity.runtime.directive.Evaluate
2015-09-30 11:37:57,960 - Loaded System Directive: org.apache.velocity.runtime.directive.Literal
2015-09-30 11:37:57,961 - Loaded System Directive: org.apache.velocity.runtime.directive.Macro
2015-09-30 11:37:57,962 - Loaded System Directive: org.apache.velocity.runtime.directive.Parse
2015-09-30 11:37:57,963 - Loaded System Directive: org.apache.velocity.runtime.directive.Include
2015-09-30 11:37:57,964 - Loaded System Directive: org.apache.velocity.runtime.directive.Foreach
2015-09-30 11:37:57,990 - Created '20' parsers.
2015-09-30 11:37:57,997 - Velocimacro : "velocimacro.library" is not set.  Trying default library: VM_global_library.vm
2015-09-30 11:37:57,998 - Could not load resource 'VM_global_library.vm' from ResourceLoader org.apache.velocity.runtime.resource.loader.ClasspathResourceLoader: ClasspathResourceLoader Error: cannot find resource VM_global_library.vm
2015-09-30 11:37:57,998 - Velocimacro : Default library not found.
2015-09-30 11:37:57,998 - Velocimacro : allowInline = true : VMs can be defined inline in templates
2015-09-30 11:37:57,998 - Velocimacro : allowInlineToOverride = false : VMs defined inline may NOT replace previous VM definitions
2015-09-30 11:37:57,998 - Velocimacro : allowInlineLocal = false : VMs defined inline will be global in scope if allowed.
2015-09-30 11:37:57,998 - Velocimacro : autoload off : VM system will not automatically reload global library macros
2015-09-30 11:37:58,018 - ResourceManager : found com/doadway/framework/email/mailTpl.html with loader org.apache.velocity.runtime.resource.loader.ClasspathResourceLoader
2015-09-30 11:42:02,698 - Log4JLogChute initialized using file 'velocity.log'
2015-09-30 11:42:02,698 - Initializing Velocity, Calling init()...
2015-09-30 11:42:02,698 - Starting Apache Velocity v1.7 (compiled: 2010-11-19 12:14:37)
2015-09-30 11:42:02,698 - Default Properties File: org\apache\velocity\runtime\defaults\velocity.properties
2015-09-30 11:42:02,698 - Trying to use logger class org.apache.velocity.runtime.log.AvalonLogChute
2015-09-30 11:42:02,698 - Target log system for org.apache.velocity.runtime.log.AvalonLogChute is not available (java.lang.NoClassDefFoundError: org/apache/log/format/Formatter).  Falling back to next log system...
2015-09-30 11:42:02,698 - Trying to use logger class org.apache.velocity.runtime.log.Log4JLogChute
2015-09-30 11:42:02,698 - Using logger class org.apache.velocity.runtime.log.Log4JLogChute
2015-09-30 11:42:02,702 - ResourceLoader instantiated: org.apache.velocity.runtime.resource.loader.ClasspathResourceLoader
2015-09-30 11:42:02,707 - ResourceCache: initialized (class org.apache.velocity.runtime.resource.ResourceCacheImpl) with class java.util.Collections$SynchronizedMap cache map.
2015-09-30 11:42:02,708 - Loaded System Directive: org.apache.velocity.runtime.directive.Stop
2015-09-30 11:42:02,709 - Loaded System Directive: org.apache.velocity.runtime.directive.Define
2015-09-30 11:42:02,710 - Loaded System Directive: org.apache.velocity.runtime.directive.Break
2015-09-30 11:42:02,710 - Loaded System Directive: org.apache.velocity.runtime.directive.Evaluate
2015-09-30 11:42:02,711 - Loaded System Directive: org.apache.velocity.runtime.directive.Literal
2015-09-30 11:42:02,712 - Loaded System Directive: org.apache.velocity.runtime.directive.Macro
2015-09-30 11:42:02,713 - Loaded System Directive: org.apache.velocity.runtime.directive.Parse
2015-09-30 11:42:02,714 - Loaded System Directive: org.apache.velocity.runtime.directive.Include
2015-09-30 11:42:02,714 - Loaded System Directive: org.apache.velocity.runtime.directive.Foreach
2015-09-30 11:42:02,737 - Created '20' parsers.
2015-09-30 11:42:02,742 - Velocimacro : "velocimacro.library" is not set.  Trying default library: VM_global_library.vm
2015-09-30 11:42:02,742 - Could not load resource 'VM_global_library.vm' from ResourceLoader org.apache.velocity.runtime.resource.loader.ClasspathResourceLoader: ClasspathResourceLoader Error: cannot find resource VM_global_library.vm
2015-09-30 11:42:02,742 - Velocimacro : Default library not found.
2015-09-30 11:42:02,743 - Velocimacro : allowInline = true : VMs can be defined inline in templates
2015-09-30 11:42:02,743 - Velocimacro : allowInlineToOverride = false : VMs defined inline may NOT replace previous VM definitions
2015-09-30 11:42:02,743 - Velocimacro : allowInlineLocal = false : VMs defined inline will be global in scope if allowed.
2015-09-30 11:42:02,743 - Velocimacro : autoload off : VM system will not automatically reload global library macros
2015-09-30 11:42:02,751 - ResourceManager : found com/doadway/framework/email/mailTpl.vm with loader org.apache.velocity.runtime.resource.loader.ClasspathResourceLoader
2015-09-30 11:43:06,330 - Log4JLogChute initialized using file 'velocity.log'
2015-09-30 11:43:06,330 - Initializing Velocity, Calling init()...
2015-09-30 11:43:06,330 - Starting Apache Velocity v1.7 (compiled: 2010-11-19 12:14:37)
2015-09-30 11:43:06,330 - Default Properties File: org\apache\velocity\runtime\defaults\velocity.properties
2015-09-30 11:43:06,330 - Trying to use logger class org.apache.velocity.runtime.log.AvalonLogChute
2015-09-30 11:43:06,330 - Target log system for org.apache.velocity.runtime.log.AvalonLogChute is not available (java.lang.NoClassDefFoundError: org/apache/log/format/Formatter).  Falling back to next log system...
2015-09-30 11:43:06,330 - Trying to use logger class org.apache.velocity.runtime.log.Log4JLogChute
2015-09-30 11:43:06,330 - Using logger class org.apache.velocity.runtime.log.Log4JLogChute
2015-09-30 11:43:06,333 - ResourceLoader instantiated: org.apache.velocity.runtime.resource.loader.ClasspathResourceLoader
2015-09-30 11:43:06,339 - ResourceCache: initialized (class org.apache.velocity.runtime.resource.ResourceCacheImpl) with class java.util.Collections$SynchronizedMap cache map.
2015-09-30 11:43:06,340 - Loaded System Directive: org.apache.velocity.runtime.directive.Stop
2015-09-30 11:43:06,341 - Loaded System Directive: org.apache.velocity.runtime.directive.Define
2015-09-30 11:43:06,342 - Loaded System Directive: org.apache.velocity.runtime.directive.Break
2015-09-30 11:43:06,342 - Loaded System Directive: org.apache.velocity.runtime.directive.Evaluate
2015-09-30 11:43:06,343 - Loaded System Directive: org.apache.velocity.runtime.directive.Literal
2015-09-30 11:43:06,344 - Loaded System Directive: org.apache.velocity.runtime.directive.Macro
2015-09-30 11:43:06,345 - Loaded System Directive: org.apache.velocity.runtime.directive.Parse
2015-09-30 11:43:06,346 - Loaded System Directive: org.apache.velocity.runtime.directive.Include
2015-09-30 11:43:06,346 - Loaded System Directive: org.apache.velocity.runtime.directive.Foreach
2015-09-30 11:43:06,369 - Created '20' parsers.
2015-09-30 11:43:06,375 - Velocimacro : "velocimacro.library" is not set.  Trying default library: VM_global_library.vm
2015-09-30 11:43:06,375 - Could not load resource 'VM_global_library.vm' from ResourceLoader org.apache.velocity.runtime.resource.loader.ClasspathResourceLoader: ClasspathResourceLoader Error: cannot find resource VM_global_library.vm
2015-09-30 11:43:06,375 - Velocimacro : Default library not found.
2015-09-30 11:43:06,375 - Velocimacro : allowInline = true : VMs can be defined inline in templates
2015-09-30 11:43:06,375 - Velocimacro : allowInlineToOverride = false : VMs defined inline may NOT replace previous VM definitions
2015-09-30 11:43:06,375 - Velocimacro : allowInlineLocal = false : VMs defined inline will be global in scope if allowed.
2015-09-30 11:43:06,375 - Velocimacro : autoload off : VM system will not automatically reload global library macros
2015-09-30 11:43:06,383 - ResourceManager : found com/doadway/framework/email/mailTpl.html with loader org.apache.velocity.runtime.resource.loader.ClasspathResourceLoader
2015-09-30 11:44:30,641 - Log4JLogChute initialized using file 'velocity.log'
2015-09-30 11:44:30,641 - Initializing Velocity, Calling init()...
2015-09-30 11:44:30,641 - Starting Apache Velocity v1.7 (compiled: 2010-11-19 12:14:37)
2015-09-30 11:44:30,641 - Default Properties File: org\apache\velocity\runtime\defaults\velocity.properties
2015-09-30 11:44:30,641 - Trying to use logger class org.apache.velocity.runtime.log.AvalonLogChute
2015-09-30 11:44:30,641 - Target log system for org.apache.velocity.runtime.log.AvalonLogChute is not available (java.lang.NoClassDefFoundError: org/apache/log/format/Formatter).  Falling back to next log system...
2015-09-30 11:44:30,641 - Trying to use logger class org.apache.velocity.runtime.log.Log4JLogChute
2015-09-30 11:44:30,641 - Using logger class org.apache.velocity.runtime.log.Log4JLogChute
2015-09-30 11:44:30,644 - ResourceLoader instantiated: org.apache.velocity.runtime.resource.loader.ClasspathResourceLoader
2015-09-30 11:44:30,651 - ResourceCache: initialized (class org.apache.velocity.runtime.resource.ResourceCacheImpl) with class java.util.Collections$SynchronizedMap cache map.
2015-09-30 11:44:30,651 - Loaded System Directive: org.apache.velocity.runtime.directive.Stop
2015-09-30 11:44:30,652 - Loaded System Directive: org.apache.velocity.runtime.directive.Define
2015-09-30 11:44:30,653 - Loaded System Directive: org.apache.velocity.runtime.directive.Break
2015-09-30 11:44:30,653 - Loaded System Directive: org.apache.velocity.runtime.directive.Evaluate
2015-09-30 11:44:30,654 - Loaded System Directive: org.apache.velocity.runtime.directive.Literal
2015-09-30 11:44:30,655 - Loaded System Directive: org.apache.velocity.runtime.directive.Macro
2015-09-30 11:44:30,656 - Loaded System Directive: org.apache.velocity.runtime.directive.Parse
2015-09-30 11:44:30,657 - Loaded System Directive: org.apache.velocity.runtime.directive.Include
2015-09-30 11:44:30,658 - Loaded System Directive: org.apache.velocity.runtime.directive.Foreach
2015-09-30 11:44:30,681 - Created '20' parsers.
2015-09-30 11:44:30,687 - Velocimacro : "velocimacro.library" is not set.  Trying default library: VM_global_library.vm
2015-09-30 11:44:30,687 - Could not load resource 'VM_global_library.vm' from ResourceLoader org.apache.velocity.runtime.resource.loader.ClasspathResourceLoader: ClasspathResourceLoader Error: cannot find resource VM_global_library.vm
2015-09-30 11:44:30,687 - Velocimacro : Default library not found.
2015-09-30 11:44:30,687 - Velocimacro : allowInline = true : VMs can be defined inline in templates
2015-09-30 11:44:30,688 - Velocimacro : allowInlineToOverride = false : VMs defined inline may NOT replace previous VM definitions
2015-09-30 11:44:30,688 - Velocimacro : allowInlineLocal = false : VMs defined inline will be global in scope if allowed.
2015-09-30 11:44:30,688 - Velocimacro : autoload off : VM system will not automatically reload global library macros
2015-09-30 11:44:30,696 - ResourceManager : found com/doadway/framework/email/mailTpl.html with loader org.apache.velocity.runtime.resource.loader.ClasspathResourceLoader
2015-09-30 12:49:36,950 - Log4JLogChute initialized using file 'velocity.log'
2015-09-30 12:49:36,958 - Initializing Velocity, Calling init()...
2015-09-30 12:49:36,958 - Starting Apache Velocity v1.7 (compiled: 2010-11-19 12:14:37)
2015-09-30 12:49:36,958 - Default Properties File: org\apache\velocity\runtime\defaults\velocity.properties
2015-09-30 12:49:36,958 - Trying to use logger class org.apache.velocity.runtime.log.AvalonLogChute
2015-09-30 12:49:36,958 - Target log system for org.apache.velocity.runtime.log.AvalonLogChute is not available (java.lang.NoClassDefFoundError: org/apache/log/format/Formatter).  Falling back to next log system...
2015-09-30 12:49:36,958 - Trying to use logger class org.apache.velocity.runtime.log.Log4JLogChute
2015-09-30 12:49:36,967 - Using logger class org.apache.velocity.runtime.log.Log4JLogChute
2015-09-30 12:49:36,978 - ResourceLoader instantiated: org.apache.velocity.runtime.resource.loader.ClasspathResourceLoader
2015-09-30 12:49:37,049 - ResourceCache: initialized (class org.apache.velocity.runtime.resource.ResourceCacheImpl) with class java.util.Collections$SynchronizedMap cache map.
2015-09-30 12:49:37,056 - Loaded System Directive: org.apache.velocity.runtime.directive.Stop
2015-09-30 12:49:37,062 - Loaded System Directive: org.apache.velocity.runtime.directive.Define
2015-09-30 12:49:37,064 - Loaded System Directive: org.apache.velocity.runtime.directive.Break
2015-09-30 12:49:37,067 - Loaded System Directive: org.apache.velocity.runtime.directive.Evaluate
2015-09-30 12:49:37,069 - Loaded System Directive: org.apache.velocity.runtime.directive.Literal
2015-09-30 12:49:37,074 - Loaded System Directive: org.apache.velocity.runtime.directive.Macro
2015-09-30 12:49:37,079 - Loaded System Directive: org.apache.velocity.runtime.directive.Parse
2015-09-30 12:49:37,084 - Loaded System Directive: org.apache.velocity.runtime.directive.Include
2015-09-30 12:49:37,088 - Loaded System Directive: org.apache.velocity.runtime.directive.Foreach
2015-09-30 12:49:37,228 - Created '20' parsers.
2015-09-30 12:49:37,246 - Velocimacro : "velocimacro.library" is not set.  Trying default library: VM_global_library.vm
2015-09-30 12:49:37,248 - Could not load resource 'VM_global_library.vm' from ResourceLoader org.apache.velocity.runtime.resource.loader.ClasspathResourceLoader: ClasspathResourceLoader Error: cannot find resource VM_global_library.vm
2015-09-30 12:49:37,248 - Velocimacro : Default library not found.
2015-09-30 12:49:37,248 - Velocimacro : allowInline = true : VMs can be defined inline in templates
2015-09-30 12:49:37,248 - Velocimacro : allowInlineToOverride = false : VMs defined inline may NOT replace previous VM definitions
2015-09-30 12:49:37,248 - Velocimacro : allowInlineLocal = false : VMs defined inline will be global in scope if allowed.
2015-09-30 12:49:37,248 - Velocimacro : autoload off : VM system will not automatically reload global library macros
2015-09-30 12:49:37,265 - ResourceManager : found com/doadway/framework/email/mailTpl.html with loader org.apache.velocity.runtime.resource.loader.ClasspathResourceLoader
2015-09-30 13:36:13,354 - Log4JLogChute initialized using file 'velocity.log'
2015-09-30 13:36:13,366 - Initializing Velocity, Calling init()...
2015-09-30 13:36:13,366 - Starting Apache Velocity v1.7 (compiled: 2010-11-19 12:14:37)
2015-09-30 13:36:13,367 - Default Properties File: org\apache\velocity\runtime\defaults\velocity.properties
2015-09-30 13:36:13,367 - Trying to use logger class org.apache.velocity.runtime.log.AvalonLogChute
2015-09-30 13:36:13,367 - Target log system for org.apache.velocity.runtime.log.AvalonLogChute is not available (java.lang.NoClassDefFoundError: org/apache/log/format/Formatter).  Falling back to next log system...
2015-09-30 13:36:13,367 - Trying to use logger class org.apache.velocity.runtime.log.Log4JLogChute
2015-09-30 13:36:13,367 - Using logger class org.apache.velocity.runtime.log.Log4JLogChute
2015-09-30 13:36:13,377 - ResourceLoader instantiated: org.apache.velocity.runtime.resource.loader.ClasspathResourceLoader
2015-09-30 13:36:13,394 - ResourceCache: initialized (class org.apache.velocity.runtime.resource.ResourceCacheImpl) with class java.util.Collections$SynchronizedMap cache map.
2015-09-30 13:36:13,398 - Loaded System Directive: org.apache.velocity.runtime.directive.Stop
2015-09-30 13:36:13,400 - Loaded System Directive: org.apache.velocity.runtime.directive.Define
2015-09-30 13:36:13,401 - Loaded System Directive: org.apache.velocity.runtime.directive.Break
2015-09-30 13:36:13,403 - Loaded System Directive: org.apache.velocity.runtime.directive.Evaluate
2015-09-30 13:36:13,404 - Loaded System Directive: org.apache.velocity.runtime.directive.Literal
2015-09-30 13:36:13,406 - Loaded System Directive: org.apache.velocity.runtime.directive.Macro
2015-09-30 13:36:13,408 - Loaded System Directive: org.apache.velocity.runtime.directive.Parse
2015-09-30 13:36:13,411 - Loaded System Directive: org.apache.velocity.runtime.directive.Include
2015-09-30 13:36:13,412 - Loaded System Directive: org.apache.velocity.runtime.directive.Foreach
2015-09-30 13:36:13,450 - Created '20' parsers.
2015-09-30 13:36:13,465 - Velocimacro : "velocimacro.library" is not set.  Trying default library: VM_global_library.vm
2015-09-30 13:36:13,467 - Could not load resource 'VM_global_library.vm' from ResourceLoader org.apache.velocity.runtime.resource.loader.ClasspathResourceLoader: ClasspathResourceLoader Error: cannot find resource VM_global_library.vm
2015-09-30 13:36:13,467 - Velocimacro : Default library not found.
2015-09-30 13:36:13,467 - Velocimacro : allowInline = true : VMs can be defined inline in templates
2015-09-30 13:36:13,467 - Velocimacro : allowInlineToOverride = false : VMs defined inline may NOT replace previous VM definitions
2015-09-30 13:36:13,467 - Velocimacro : allowInlineLocal = false : VMs defined inline will be global in scope if allowed.
2015-09-30 13:36:13,467 - Velocimacro : autoload off : VM system will not automatically reload global library macros
2015-09-30 13:36:13,483 - ResourceManager : found com/doadway/framework/email/mailTpl.html with loader org.apache.velocity.runtime.resource.loader.ClasspathResourceLoader
2015-09-30 20:50:54,519 - Log4JLogChute initialized using file 'velocity.log'
2015-09-30 20:50:54,534 - Initializing Velocity, Calling init()...
2015-09-30 20:50:54,534 - Starting Apache Velocity v1.7 (compiled: 2010-11-19 12:14:37)
2015-09-30 20:50:54,534 - Default Properties File: org\apache\velocity\runtime\defaults\velocity.properties
2015-09-30 20:50:54,534 - Trying to use logger class org.apache.velocity.runtime.log.AvalonLogChute
2015-09-30 20:50:54,534 - Target log system for org.apache.velocity.runtime.log.AvalonLogChute is not available (java.lang.NoClassDefFoundError: org/apache/log/format/Formatter).  Falling back to next log system...
2015-09-30 20:50:54,534 - Trying to use logger class org.apache.velocity.runtime.log.Log4JLogChute
2015-09-30 20:50:54,534 - Using logger class org.apache.velocity.runtime.log.Log4JLogChute
2015-09-30 20:50:54,534 - ResourceLoader instantiated: org.apache.velocity.runtime.resource.loader.ClasspathResourceLoader
2015-09-30 20:50:54,534 - ResourceCache: initialized (class org.apache.velocity.runtime.resource.ResourceCacheImpl) with class java.util.Collections$SynchronizedMap cache map.
2015-09-30 20:50:54,534 - Loaded System Directive: org.apache.velocity.runtime.directive.Stop
2015-09-30 20:50:54,534 - Loaded System Directive: org.apache.velocity.runtime.directive.Define
2015-09-30 20:50:54,534 - Loaded System Directive: org.apache.velocity.runtime.directive.Break
2015-09-30 20:50:54,534 - Loaded System Directive: org.apache.velocity.runtime.directive.Evaluate
2015-09-30 20:50:54,534 - Loaded System Directive: org.apache.velocity.runtime.directive.Literal
2015-09-30 20:50:54,534 - Loaded System Directive: org.apache.velocity.runtime.directive.Macro
2015-09-30 20:50:54,550 - Loaded System Directive: org.apache.velocity.runtime.directive.Parse
2015-09-30 20:50:54,550 - Loaded System Directive: org.apache.velocity.runtime.directive.Include
2015-09-30 20:50:54,550 - Loaded System Directive: org.apache.velocity.runtime.directive.Foreach
2015-09-30 20:50:54,565 - Created '20' parsers.
2015-09-30 20:50:54,565 - Velocimacro : "velocimacro.library" is not set.  Trying default library: VM_global_library.vm
2015-09-30 20:50:54,581 - Could not load resource 'VM_global_library.vm' from ResourceLoader org.apache.velocity.runtime.resource.loader.ClasspathResourceLoader: ClasspathResourceLoader Error: cannot find resource VM_global_library.vm
2015-09-30 20:50:54,581 - Velocimacro : Default library not found.
2015-09-30 20:50:54,581 - Velocimacro : allowInline = true : VMs can be defined inline in templates
2015-09-30 20:50:54,581 - Velocimacro : allowInlineToOverride = false : VMs defined inline may NOT replace previous VM definitions
2015-09-30 20:50:54,581 - Velocimacro : allowInlineLocal = false : VMs defined inline will be global in scope if allowed.
2015-09-30 20:50:54,581 - Velocimacro : autoload off : VM system will not automatically reload global library macros
2015-09-30 20:50:54,581 - ResourceManager : found com/doadway/framework/email/mailTpl.html with loader org.apache.velocity.runtime.resource.loader.ClasspathResourceLoader
